{"meta": {"format": 3, "version": "7.15.2", "timestamp": "2026-07-29T22:17:45.766398", "branch_coverage": false, "show_contexts": false}, "files": {"lighter_funding_bot.py": {"executed_lines": [38, 39, 40, 41, 42, 43, 44, 45, 47, 48, 49, 50, 51, 53, 62, 65, 74, 75, 76, 77, 93, 94, 96, 97, 98, 101, 104, 161, 162, 163, 164, 165, 166, 185, 186, 187, 188, 189, 237, 238, 239, 240, 244, 245, 246, 259, 260, 261, 262, 270, 271, 272, 273, 295, 310, 318, 319, 327, 328, 332, 342, 345, 430, 434, 450, 494, 523, 537, 588, 616, 619, 686, 688, 696, 704, 707, 711, 713, 714, 717, 720, 724, 739, 749, 759, 777, 780, 834, 837, 878, 905, 910, 911, 912, 913, 914, 915, 916, 920, 921, 936, 937, 938, 939, 941, 942, 943, 944, 945, 946, 947, 948, 949, 950, 951, 952, 953, 954, 955, 958, 959, 960, 961, 966, 984, 1101, 1122, 1123, 1124, 1127, 1172, 1183, 1195, 1252, 1267, 1290, 2544, 2547, 2567, 2601, 2651, 2745, 2781, 2811, 2912, 2981, 3019, 3092, 3118, 3197, 3256, 3317], "summary": {"covered_lines": 152, "num_statements": 1431, "percent_covered": 10.621942697414395, "percent_covered_display": "11", "missing_lines": 1279, "excluded_lines": 0, "percent_statements_covered": 10.621942697414395, "percent_statements_covered_display": "11"}, "missing_lines": [110, 111, 112, 113, 114, 115, 116, 329, 330, 352, 353, 354, 355, 357, 358, 359, 360, 361, 362, 363, 364, 365, 371, 372, 373, 374, 375, 376, 377, 378, 379, 380, 381, 382, 384, 385, 386, 387, 390, 391, 392, 393, 397, 398, 399, 400, 401, 402, 403, 414, 438, 439, 440, 441, 442, 443, 444, 445, 446, 447, 474, 475, 476, 477, 478, 479, 481, 482, 483, 484, 485, 486, 487, 488, 489, 490, 491, 516, 517, 518, 519, 520, 532, 534, 571, 573, 574, 575, 576, 577, 578, 579, 580, 581, 582, 583, 584, 585, 604, 655, 656, 670, 671, 673, 674, 721, 727, 728, 729, 730, 731, 732, 733, 734, 735, 736, 743, 744, 756, 761, 762, 763, 764, 765, 766, 767, 768, 769, 770, 796, 797, 798, 799, 800, 801, 802, 803, 804, 805, 806, 807, 808, 809, 810, 811, 812, 813, 814, 815, 816, 817, 818, 819, 820, 821, 823, 824, 825, 826, 828, 829, 830, 844, 845, 846, 847, 848, 849, 850, 851, 852, 854, 855, 856, 857, 858, 859, 860, 861, 862, 863, 864, 865, 866, 868, 869, 870, 871, 872, 873, 874, 875, 886, 887, 890, 891, 892, 893, 894, 895, 896, 897, 898, 899, 900, 901, 902, 973, 974, 975, 976, 977, 978, 979, 980, 981, 1006, 1008, 1012, 1013, 1014, 1015, 1016, 1017, 1018, 1019, 1020, 1021, 1023, 1024, 1025, 1027, 1028, 1029, 1030, 1031, 1032, 1033, 1035, 1036, 1037, 1038, 1039, 1041, 1042, 1043, 1044, 1046, 1049, 1050, 1052, 1053, 1056, 1057, 1058, 1061, 1062, 1063, 1069, 1077, 1078, 1079, 1086, 1087, 1088, 1089, 1092, 1135, 1136, 1137, 1138, 1139, 1168, 1169, 1175, 1176, 1177, 1178, 1179, 1180, 1188, 1189, 1190, 1191, 1192, 1219, 1220, 1221, 1222, 1223, 1225, 1226, 1227, 1228, 1229, 1230, 1231, 1232, 1233, 1234, 1235, 1236, 1238, 1240, 1241, 1242, 1243, 1244, 1246, 1247, 1248, 1249, 1254, 1255, 1256, 1257, 1260, 1264, 1279, 1280, 1281, 1282, 1283, 1284, 1285, 1286, 1287, 1291, 1292, 1293, 1317, 1318, 1324, 1326, 1327, 1328, 1329, 1330, 1331, 1332, 1333, 1334, 1339, 1340, 1341, 1342, 1343, 1344, 1345, 1349, 1350, 1351, 1352, 1353, 1354, 1355, 1356, 1368, 1371, 1372, 1374, 1375, 1377, 1378, 1382, 1384, 1385, 1386, 1387, 1388, 1389, 1391, 1392, 1393, 1394, 1395, 1414, 1415, 1416, 1417, 1418, 1419, 1420, 1421, 1422, 1423, 1424, 1428, 1429, 1443, 1444, 1445, 1446, 1447, 1448, 1449, 1457, 1460, 1463, 1464, 1466, 1470, 1471, 1477, 1480, 1481, 1482, 1486, 1488, 1489, 1491, 1496, 1497, 1498, 1500, 1512, 1513, 1514, 1515, 1516, 1517, 1518, 1519, 1523, 1525, 1526, 1527, 1528, 1530, 1545, 1546, 1547, 1551, 1552, 1556, 1557, 1559, 1573, 1574, 1575, 1581, 1582, 1586, 1587, 1589, 1593, 1594, 1595, 1596, 1597, 1598, 1599, 1600, 1601, 1602, 1606, 1608, 1609, 1610, 1611, 1612, 1613, 1614, 1618, 1620, 1621, 1623, 1630, 1632, 1633, 1634, 1639, 1646, 1654, 1655, 1656, 1657, 1659, 1660, 1661, 1662, 1663, 1669, 1670, 1671, 1674, 1675, 1676, 1677, 1678, 1679, 1680, 1681, 1691, 1692, 1693, 1694, 1695, 1697, 1711, 1712, 1713, 1715, 1716, 1719, 1723, 1724, 1725, 1727, 1728, 1731, 1732, 1733, 1735, 1736, 1737, 1746, 1747, 1748, 1755, 1756, 1757, 1758, 1762, 1763, 1764, 1765, 1767, 1768, 1769, 1770, 1771, 1774, 1779, 1780, 1781, 1790, 1792, 1793, 1797, 1798, 1806, 1808, 1809, 1811, 1812, 1813, 1814, 1816, 1817, 1824, 1825, 1829, 1830, 1831, 1833, 1834, 1836, 1837, 1838, 1847, 1848, 1849, 1850, 1851, 1852, 1854, 1855, 1856, 1857, 1858, 1859, 1860, 1861, 1863, 1864, 1865, 1866, 1867, 1870, 1871, 1872, 1873, 1874, 1876, 1877, 1881, 1882, 1883, 1884, 1885, 1886, 1887, 1895, 1896, 1898, 1901, 1905, 1906, 1907, 1908, 1913, 1914, 1915, 1916, 1926, 1927, 1928, 1929, 1931, 1932, 1933, 1936, 1937, 1941, 1942, 1947, 1948, 1949, 1950, 1953, 1954, 1955, 1956, 1957, 1958, 1959, 1960, 1961, 1962, 1963, 1964, 1965, 1966, 1968, 1969, 1972, 1973, 1974, 1975, 1976, 1977, 1978, 1982, 1986, 1991, 1993, 2000, 2005, 2006, 2007, 2008, 2009, 2010, 2011, 2012, 2013, 2014, 2015, 2017, 2027, 2029, 2030, 2032, 2035, 2038, 2039, 2040, 2042, 2054, 2055, 2056, 2057, 2058, 2060, 2061, 2062, 2063, 2064, 2065, 2074, 2076, 2078, 2083, 2085, 2086, 2087, 2088, 2091, 2096, 2099, 2108, 2109, 2110, 2111, 2112, 2123, 2125, 2126, 2128, 2129, 2130, 2137, 2138, 2139, 2140, 2142, 2145, 2151, 2152, 2154, 2155, 2156, 2157, 2158, 2159, 2160, 2163, 2171, 2172, 2173, 2174, 2177, 2178, 2181, 2182, 2183, 2184, 2190, 2193, 2195, 2200, 2204, 2207, 2208, 2209, 2210, 2211, 2212, 2213, 2214, 2215, 2216, 2217, 2218, 2219, 2220, 2221, 2222, 2223, 2224, 2225, 2226, 2227, 2229, 2234, 2235, 2238, 2239, 2240, 2243, 2247, 2253, 2256, 2257, 2258, 2264, 2271, 2289, 2290, 2291, 2293, 2294, 2295, 2296, 2297, 2298, 2301, 2302, 2303, 2304, 2305, 2306, 2308, 2309, 2311, 2312, 2313, 2314, 2315, 2317, 2318, 2319, 2320, 2321, 2322, 2326, 2329, 2330, 2331, 2332, 2333, 2334, 2335, 2340, 2341, 2342, 2343, 2351, 2352, 2356, 2365, 2367, 2368, 2369, 2370, 2371, 2372, 2375, 2376, 2383, 2384, 2395, 2400, 2401, 2402, 2411, 2412, 2418, 2419, 2423, 2424, 2425, 2426, 2429, 2430, 2431, 2432, 2433, 2435, 2436, 2443, 2444, 2445, 2446, 2448, 2449, 2480, 2481, 2483, 2484, 2485, 2506, 2510, 2531, 2532, 2534, 2536, 2538, 2539, 2540, 2541, 2552, 2553, 2554, 2555, 2556, 2557, 2558, 2559, 2560, 2561, 2562, 2563, 2564, 2570, 2575, 2577, 2579, 2580, 2582, 2583, 2585, 2588, 2589, 2590, 2591, 2594, 2595, 2597, 2598, 2605, 2607, 2608, 2609, 2614, 2615, 2616, 2617, 2618, 2621, 2622, 2623, 2625, 2627, 2631, 2632, 2633, 2636, 2637, 2638, 2642, 2643, 2646, 2648, 2659, 2660, 2664, 2665, 2667, 2670, 2674, 2675, 2677, 2682, 2684, 2685, 2689, 2691, 2693, 2699, 2701, 2707, 2709, 2710, 2711, 2713, 2719, 2720, 2721, 2722, 2723, 2724, 2725, 2726, 2727, 2728, 2732, 2733, 2734, 2735, 2736, 2738, 2741, 2742, 2750, 2751, 2752, 2753, 2754, 2755, 2758, 2759, 2760, 2769, 2770, 2771, 2773, 2775, 2776, 2777, 2778, 2786, 2787, 2788, 2790, 2792, 2794, 2798, 2800, 2801, 2804, 2807, 2808, 2819, 2821, 2822, 2823, 2824, 2825, 2826, 2829, 2830, 2831, 2832, 2836, 2837, 2838, 2839, 2845, 2846, 2849, 2850, 2851, 2856, 2858, 2859, 2861, 2862, 2865, 2866, 2867, 2868, 2869, 2875, 2876, 2877, 2880, 2881, 2882, 2883, 2884, 2887, 2888, 2889, 2890, 2891, 2903, 2906, 2909, 2918, 2919, 2921, 2922, 2923, 2924, 2927, 2928, 2929, 2930, 2933, 2934, 2937, 2938, 2949, 2951, 2953, 2954, 2960, 2961, 2962, 2963, 2965, 2966, 2969, 2970, 2971, 2973, 2974, 2976, 2978, 2987, 2989, 2990, 2993, 2994, 2997, 2998, 2999, 3000, 3001, 3002, 3003, 3006, 3007, 3009, 3013, 3014, 3015, 3016, 3024, 3025, 3027, 3029, 3030, 3031, 3032, 3033, 3034, 3036, 3037, 3038, 3039, 3040, 3041, 3042, 3044, 3045, 3046, 3047, 3048, 3050, 3051, 3052, 3055, 3056, 3057, 3061, 3062, 3064, 3065, 3068, 3069, 3070, 3071, 3072, 3075, 3076, 3078, 3079, 3080, 3086, 3087, 3088, 3089, 3096, 3097, 3098, 3099, 3100, 3101, 3102, 3104, 3105, 3106, 3107, 3108, 3109, 3110, 3111, 3112, 3114, 3115, 3123, 3124, 3125, 3126, 3127, 3128, 3131, 3132, 3134, 3135, 3136, 3138, 3139, 3140, 3141, 3143, 3144, 3145, 3146, 3147, 3148, 3151, 3152, 3153, 3159, 3160, 3161, 3162, 3163, 3164, 3165, 3172, 3173, 3174, 3176, 3177, 3178, 3179, 3183, 3186, 3188, 3189, 3192, 3193, 3194, 3202, 3205, 3206, 3214, 3215, 3216, 3217, 3219, 3220, 3221, 3223, 3224, 3227, 3228, 3229, 3231, 3233, 3236, 3238, 3241, 3243, 3245, 3246, 3247, 3249, 3250, 3252, 3253, 3261, 3262, 3264, 3265, 3266, 3267, 3268, 3270, 3272, 3273, 3274, 3275, 3276, 3277, 3278, 3280, 3281, 3282, 3283, 3284, 3285, 3286, 3287, 3288, 3289, 3293, 3294, 3295, 3296, 3298, 3299, 3300, 3301, 3303, 3304, 3305, 3306, 3307, 3308, 3309, 3311, 3312, 3313, 3314, 3318, 3319, 3320, 3321, 3322, 3323, 3324, 3325, 3326, 3327, 3328, 3329, 3330, 3331, 3332, 3333, 3334, 3335, 3336], "excluded_lines": [], "functions": {"conviction_mult": {"executed_lines": [], "summary": {"covered_lines": 0, "num_statements": 7, "percent_covered": 0.0, "percent_covered_display": "0", "missing_lines": 7, "excluded_lines": 0, "percent_statements_covered": 0.0, "percent_statements_covered_display": "0"}, "missing_lines": [110, 111, 112, 113, 114, 115, 116], "excluded_lines": [], "start_line": 104}, "apply_levers": {"executed_lines": [], "summary": {"covered_lines": 0, "num_statements": 41, "percent_covered": 0.0, "percent_covered_display": "0", "missing_lines": 41, "excluded_lines": 0, "percent_statements_covered": 0.0, "percent_statements_covered_display": "0"}, "missing_lines": [352, 353, 354, 355, 357, 358, 359, 360, 361, 362, 363, 364, 365, 371, 372, 373, 374, 375, 376, 377, 378, 379, 380, 381, 382, 384, 385, 386, 387, 390, 391, 392, 393, 397, 398, 399, 400, 401, 402, 403, 414], "excluded_lines": [], "start_line": 345}, "pos_bars": {"executed_lines": [], "summary": {"covered_lines": 0, "num_statements": 10, "percent_covered": 0.0, "percent_covered_display": "0", "missing_lines": 10, "excluded_lines": 0, "percent_statements_covered": 0.0, "percent_statements_covered_display": "0"}, "missing_lines": [438, 439, 440, 441, 442, 443, 444, 445, 446, 447], "excluded_lines": [], "start_line": 434}, "exit_decision": {"executed_lines": [], "summary": {"covered_lines": 0, "num_statements": 17, "percent_covered": 0.0, "percent_covered_display": "0", "missing_lines": 17, "excluded_lines": 0, "percent_statements_covered": 0.0, "percent_statements_covered_display": "0"}, "missing_lines": [474, 475, 476, 477, 478, 479, 481, 482, 483, 484, 485, 486, 487, 488, 489, 490, 491], "excluded_lines": [], "start_line": 450}, "flatten_identity": {"executed_lines": [], "summary": {"covered_lines": 0, "num_statements": 5, "percent_covered": 0.0, "percent_covered_display": "0", "missing_lines": 5, "excluded_lines": 0, "percent_statements_covered": 0.0, "percent_statements_covered_display": "0"}, "missing_lines": [516, 517, 518, 519, 520], "excluded_lines": [], "start_line": 494}, "flatten_pnl": {"executed_lines": [], "summary": {"covered_lines": 0, "num_statements": 2, "percent_covered": 0.0, "percent_covered_display": "0", "missing_lines": 2, "excluded_lines": 0, "percent_statements_covered": 0.0, "percent_statements_covered_display": "0"}, "missing_lines": [532, 534], "excluded_lines": [], "start_line": 523}, "entry_admission": {"executed_lines": [], "summary": {"covered_lines": 0, "num_statements": 14, "percent_covered": 0.0, "percent_covered_display": "0", "missing_lines": 14, "excluded_lines": 0, "percent_statements_covered": 0.0, "percent_statements_covered_display": "0"}, "missing_lines": [571, 573, 574, 575, 576, 577, 578, 579, 580, 581, 582, 583, 584, 585], "excluded_lines": [], "start_line": 537}, "entry_stamp": {"executed_lines": [], "summary": {"covered_lines": 0, "num_statements": 1, "percent_covered": 0.0, "percent_covered_display": "0", "missing_lines": 1, "excluded_lines": 0, "percent_statements_covered": 0.0, "percent_statements_covered_display": "0"}, "missing_lines": [604], "excluded_lines": [], "start_line": 588}, "scan_receipts": {"executed_lines": [], "summary": {"covered_lines": 0, "num_statements": 6, "percent_covered": 0.0, "percent_covered_display": "0", "missing_lines": 6, "excluded_lines": 0, "percent_statements_covered": 0.0, "percent_statements_covered_display": "0"}, "missing_lines": [655, 656, 670, 671, 673, 674], "excluded_lines": [], "start_line": 619}, "now_iso": {"executed_lines": [], "summary": {"covered_lines": 0, "num_statements": 1, "percent_covered": 0.0, "percent_covered_display": "0", "missing_lines": 1, "excluded_lines": 0, "percent_statements_covered": 0.0, "percent_statements_covered_display": "0"}, "missing_lines": [721], "excluded_lines": [], "start_line": 720}, "_slope_ref": {"executed_lines": [], "summary": {"covered_lines": 0, "num_statements": 10, "percent_covered": 0.0, "percent_covered_display": "0", "missing_lines": 10, "excluded_lines": 0, "percent_statements_covered": 0.0, "percent_statements_covered_display": "0"}, "missing_lines": [727, 728, 729, 730, 731, 732, 733, 734, 735, 736], "excluded_lines": [], "start_line": 724}, "_mctx_slice": {"executed_lines": [], "summary": {"covered_lines": 0, "num_statements": 2, "percent_covered": 0.0, "percent_covered_display": "0", "missing_lines": 2, "excluded_lines": 0, "percent_statements_covered": 0.0, "percent_statements_covered_display": "0"}, "missing_lines": [743, 744], "excluded_lines": [], "start_line": 739}, "fresh_mid": {"executed_lines": [], "summary": {"covered_lines": 0, "num_statements": 1, "percent_covered": 0.0, "percent_covered_display": "0", "missing_lines": 1, "excluded_lines": 0, "percent_statements_covered": 0.0, "percent_statements_covered_display": "0"}, "missing_lines": [756], "excluded_lines": [], "start_line": 749}, "book_spread_bps": {"executed_lines": [], "summary": {"covered_lines": 0, "num_statements": 10, "percent_covered": 0.0, "percent_covered_display": "0", "missing_lines": 10, "excluded_lines": 0, "percent_statements_covered": 0.0, "percent_statements_covered_display": "0"}, "missing_lines": [761, 762, 763, 764, 765, 766, 767, 768, 769, 770], "excluded_lines": [], "start_line": 759}, "_candle_features": {"executed_lines": [], "summary": {"covered_lines": 0, "num_statements": 33, "percent_covered": 0.0, "percent_covered_display": "0", "missing_lines": 33, "excluded_lines": 0, "percent_statements_covered": 0.0, "percent_statements_covered_display": "0"}, "missing_lines": [796, 797, 798, 799, 800, 801, 802, 803, 804, 805, 806, 807, 808, 809, 810, 811, 812, 813, 814, 815, 816, 817, 818, 819, 820, 821, 823, 824, 825, 826, 828, 829, 830], "excluded_lines": [], "start_line": 780}, "_trailing_vol": {"executed_lines": [], "summary": {"covered_lines": 0, "num_statements": 30, "percent_covered": 0.0, "percent_covered_display": "0", "missing_lines": 30, "excluded_lines": 0, "percent_statements_covered": 0.0, "percent_statements_covered_display": "0"}, "missing_lines": [844, 845, 846, 847, 848, 849, 850, 851, 852, 854, 855, 856, 857, 858, 859, 860, 861, 862, 863, 864, 865, 866, 868, 869, 870, 871, 872, 873, 874, 875], "excluded_lines": [], "start_line": 837}, "_vol_filter_veto": {"executed_lines": [], "summary": {"covered_lines": 0, "num_statements": 15, "percent_covered": 0.0, "percent_covered_display": "0", "missing_lines": 15, "excluded_lines": 0, "percent_statements_covered": 0.0, "percent_statements_covered_display": "0"}, "missing_lines": [886, 887, 890, 891, 892, 893, 894, 895, 896, 897, 898, 899, 900, 901, 902], "excluded_lines": [], "start_line": 878}, "book_metrics": {"executed_lines": [910, 911, 912, 913, 914, 915, 916, 920, 921, 936, 937, 938, 939, 941, 958, 959, 960, 961], "summary": {"covered_lines": 18, "num_statements": 18, "percent_covered": 100.0, "percent_covered_display": "100", "missing_lines": 0, "excluded_lines": 0, "percent_statements_covered": 100.0, "percent_statements_covered_display": "100"}, "missing_lines": [], "excluded_lines": [], "start_line": 905}, "book_metrics.vwap_slip": {"executed_lines": [942, 943, 944, 945, 946, 947, 948, 949, 950, 951, 952, 953, 954, 955], "summary": {"covered_lines": 14, "num_statements": 14, "percent_covered": 100.0, "percent_covered_display": "100", "missing_lines": 0, "excluded_lines": 0, "percent_statements_covered": 100.0, "percent_statements_covered_display": "100"}, "missing_lines": [], "excluded_lines": [], "start_line": 941}, "cross_venue_mult": {"executed_lines": [], "summary": {"covered_lines": 0, "num_statements": 9, "percent_covered": 0.0, "percent_covered_display": "0", "missing_lines": 9, "excluded_lines": 0, "percent_statements_covered": 0.0, "percent_statements_covered_display": "0"}, "missing_lines": [973, 974, 975, 976, 977, 978, 979, 980, 981], "excluded_lines": [], "start_line": 966}, "scan_candidates": {"executed_lines": [], "summary": {"covered_lines": 0, "num_statements": 14, "percent_covered": 0.0, "percent_covered_display": "0", "missing_lines": 14, "excluded_lines": 0, "percent_statements_covered": 0.0, "percent_statements_covered_display": "0"}, "missing_lines": [1006, 1008, 1061, 1062, 1063, 1069, 1077, 1078, 1079, 1086, 1087, 1088, 1089, 1092], "excluded_lines": [], "start_line": 984}, "scan_candidates._evaluate": {"executed_lines": [], "summary": {"covered_lines": 0, "num_statements": 37, "percent_covered": 0.0, "percent_covered_display": "0", "missing_lines": 37, "excluded_lines": 0, "percent_statements_covered": 0.0, "percent_statements_covered_display": "0"}, "missing_lines": [1012, 1013, 1014, 1015, 1016, 1017, 1018, 1019, 1020, 1021, 1023, 1024, 1025, 1027, 1028, 1029, 1030, 1031, 1032, 1033, 1035, 1036, 1037, 1038, 1039, 1041, 1042, 1043, 1044, 1046, 1049, 1050, 1052, 1053, 1056, 1057, 1058], "excluded_lines": [], "start_line": 1008}, "_record_close": {"executed_lines": [], "summary": {"covered_lines": 0, "num_statements": 7, "percent_covered": 0.0, "percent_covered_display": "0", "missing_lines": 7, "excluded_lines": 0, "percent_statements_covered": 0.0, "percent_statements_covered_display": "0"}, "missing_lines": [1135, 1136, 1137, 1138, 1139, 1168, 1169], "excluded_lines": [], "start_line": 1127}, "_close_bars_extra": {"executed_lines": [], "summary": {"covered_lines": 0, "num_statements": 6, "percent_covered": 0.0, "percent_covered_display": "0", "missing_lines": 6, "excluded_lines": 0, "percent_statements_covered": 0.0, "percent_statements_covered_display": "0"}, "missing_lines": [1175, 1176, 1177, 1178, 1179, 1180], "excluded_lines": [], "start_line": 1172}, "_close_src_extra": {"executed_lines": [], "summary": {"covered_lines": 0, "num_statements": 5, "percent_covered": 0.0, "percent_covered_display": "0", "missing_lines": 5, "excluded_lines": 0, "percent_statements_covered": 0.0, "percent_statements_covered_display": "0"}, "missing_lines": [1188, 1189, 1190, 1191, 1192], "excluded_lines": [], "start_line": 1183}, "_heal_merge": {"executed_lines": [], "summary": {"covered_lines": 0, "num_statements": 27, "percent_covered": 0.0, "percent_covered_display": "0", "missing_lines": 27, "excluded_lines": 0, "percent_statements_covered": 0.0, "percent_statements_covered_display": "0"}, "missing_lines": [1219, 1220, 1221, 1222, 1223, 1225, 1226, 1227, 1228, 1229, 1230, 1231, 1232, 1233, 1234, 1235, 1236, 1238, 1240, 1241, 1242, 1243, 1244, 1246, 1247, 1248, 1249], "excluded_lines": [], "start_line": 1195}, "parse_quarantine": {"executed_lines": [], "summary": {"covered_lines": 0, "num_statements": 6, "percent_covered": 0.0, "percent_covered_display": "0", "missing_lines": 6, "excluded_lines": 0, "percent_statements_covered": 0.0, "percent_statements_covered_display": "0"}, "missing_lines": [1254, 1255, 1256, 1257, 1260, 1264], "excluded_lines": [], "start_line": 1252}, "read_quarantine": {"executed_lines": [], "summary": {"covered_lines": 0, "num_statements": 9, "percent_covered": 0.0, "percent_covered_display": "0", "missing_lines": 9, "excluded_lines": 0, "percent_statements_covered": 0.0, "percent_statements_covered_display": "0"}, "missing_lines": [1279, 1280, 1281, 1282, 1283, 1284, 1285, 1286, 1287], "excluded_lines": [], "start_line": 1267}, "main": {"executed_lines": [], "summary": {"covered_lines": 0, "num_statements": 469, "percent_covered": 0.0, "percent_covered_display": "0", "missing_lines": 469, "excluded_lines": 0, "percent_statements_covered": 0.0, "percent_statements_covered_display": "0"}, "missing_lines": [1291, 1292, 1293, 1317, 1318, 1324, 1326, 1327, 1328, 1329, 1330, 1331, 1332, 1333, 1334, 1339, 1340, 1341, 1342, 1343, 1344, 1345, 1349, 1350, 1351, 1352, 1353, 1354, 1355, 1356, 1368, 1371, 1372, 1374, 1384, 1385, 1386, 1387, 1388, 1389, 1391, 1392, 1393, 1394, 1395, 1414, 1415, 1416, 1417, 1418, 1419, 1420, 1421, 1422, 1423, 1424, 1428, 1429, 1443, 1444, 1445, 1446, 1447, 1448, 1449, 1457, 1460, 1463, 1464, 1466, 1470, 1471, 1477, 1480, 1481, 1482, 1486, 1488, 1491, 1500, 1525, 1530, 1559, 1589, 1659, 1660, 1661, 1662, 1663, 1669, 1670, 1671, 1674, 1675, 1676, 1677, 1678, 1679, 1680, 1681, 1691, 1692, 1693, 1694, 1695, 1697, 1711, 1712, 1713, 1715, 1716, 1719, 1723, 1724, 1725, 1727, 1728, 1731, 1732, 1733, 1735, 1736, 1737, 1746, 1747, 1748, 1755, 1756, 1757, 1758, 1762, 1763, 1764, 1765, 1767, 1768, 1769, 1770, 1771, 1774, 1779, 1780, 1781, 1790, 1792, 1793, 1797, 1798, 1806, 1808, 1809, 1811, 1812, 1813, 1814, 1816, 1817, 1824, 1825, 1829, 1830, 1831, 1833, 1834, 1836, 1837, 1838, 1847, 1848, 1849, 1850, 1851, 1852, 1854, 1855, 1856, 1857, 1858, 1859, 1860, 1861, 1863, 1864, 1865, 1866, 1867, 1870, 1871, 1872, 1873, 1874, 1876, 1877, 1881, 1882, 1883, 1884, 1885, 1886, 1887, 1895, 1896, 1898, 1901, 1905, 1906, 1907, 1908, 1913, 1914, 1915, 1916, 1926, 1927, 1928, 1929, 1931, 1932, 1933, 1936, 1937, 1941, 1942, 1947, 1948, 1949, 1950, 1953, 1954, 1955, 1956, 1957, 1958, 1959, 1960, 1961, 1962, 1963, 1964, 1965, 1966, 1968, 1969, 1972, 1973, 1974, 1975, 1976, 1977, 1978, 1982, 1986, 1991, 1993, 2000, 2005, 2006, 2007, 2008, 2009, 2010, 2011, 2012, 2013, 2014, 2015, 2017, 2027, 2029, 2030, 2032, 2035, 2038, 2039, 2040, 2042, 2054, 2055, 2056, 2057, 2058, 2060, 2061, 2062, 2063, 2064, 2065, 2074, 2076, 2078, 2083, 2085, 2086, 2087, 2088, 2091, 2096, 2099, 2108, 2109, 2110, 2111, 2112, 2123, 2125, 2126, 2128, 2129, 2130, 2137, 2138, 2139, 2140, 2142, 2145, 2151, 2152, 2154, 2155, 2156, 2157, 2158, 2159, 2160, 2163, 2171, 2172, 2173, 2174, 2177, 2178, 2181, 2182, 2183, 2184, 2190, 2193, 2195, 2200, 2204, 2207, 2208, 2209, 2210, 2211, 2212, 2213, 2214, 2215, 2216, 2217, 2218, 2219, 2220, 2221, 2222, 2223, 2224, 2225, 2226, 2227, 2229, 2234, 2235, 2238, 2239, 2240, 2243, 2247, 2253, 2256, 2257, 2258, 2264, 2271, 2289, 2290, 2291, 2293, 2294, 2295, 2296, 2297, 2298, 2301, 2302, 2303, 2304, 2305, 2306, 2308, 2309, 2311, 2312, 2313, 2314, 2315, 2317, 2318, 2319, 2320, 2321, 2322, 2326, 2329, 2330, 2331, 2332, 2333, 2334, 2335, 2340, 2341, 2342, 2343, 2351, 2352, 2356, 2365, 2367, 2368, 2369, 2370, 2371, 2372, 2375, 2376, 2383, 2384, 2395, 2400, 2401, 2402, 2411, 2412, 2418, 2419, 2423, 2424, 2425, 2426, 2429, 2430, 2431, 2432, 2433, 2435, 2436, 2443, 2444, 2445, 2446, 2448, 2449, 2480, 2481, 2483, 2484, 2485, 2506, 2510, 2531, 2532, 2534, 2536, 2538, 2539, 2540, 2541], "excluded_lines": [], "start_line": 1290}, "main._read_quarantine": {"executed_lines": [], "summary": {"covered_lines": 0, "num_statements": 4, "percent_covered": 0.0, "percent_covered_display": "0", "missing_lines": 4, "excluded_lines": 0, "percent_statements_covered": 0.0, "percent_statements_covered_display": "0"}, "missing_lines": [1375, 1377, 1378, 1382], "excluded_lines": [], "start_line": 1374}, "main.account_value": {"executed_lines": [], "summary": {"covered_lines": 0, "num_statements": 1, "percent_covered": 0.0, "percent_covered_display": "0", "missing_lines": 1, "excluded_lines": 0, "percent_statements_covered": 0.0, "percent_statements_covered_display": "0"}, "missing_lines": [1489], "excluded_lines": [], "start_line": 1488}, "main._live_pnl": {"executed_lines": [], "summary": {"covered_lines": 0, "num_statements": 3, "percent_covered": 0.0, "percent_covered_display": "0", "missing_lines": 3, "excluded_lines": 0, "percent_statements_covered": 0.0, "percent_statements_covered_display": "0"}, "missing_lines": [1496, 1497, 1498], "excluded_lines": [], "start_line": 1491}, "main._fold_capital_moves": {"executed_lines": [], "summary": {"covered_lines": 0, "num_statements": 9, "percent_covered": 0.0, "percent_covered_display": "0", "missing_lines": 9, "excluded_lines": 0, "percent_statements_covered": 0.0, "percent_statements_covered_display": "0"}, "missing_lines": [1512, 1513, 1514, 1515, 1516, 1517, 1518, 1519, 1523], "excluded_lines": [], "start_line": 1500}, "main.positions": {"executed_lines": [], "summary": {"covered_lines": 0, "num_statements": 3, "percent_covered": 0.0, "percent_covered_display": "0", "missing_lines": 3, "excluded_lines": 0, "percent_statements_covered": 0.0, "percent_statements_covered_display": "0"}, "missing_lines": [1526, 1527, 1528], "excluded_lines": [], "start_line": 1525}, "main._real_exit": {"executed_lines": [], "summary": {"covered_lines": 0, "num_statements": 7, "percent_covered": 0.0, "percent_covered_display": "0", "missing_lines": 7, "excluded_lines": 0, "percent_statements_covered": 0.0, "percent_statements_covered_display": "0"}, "missing_lines": [1545, 1546, 1547, 1551, 1552, 1556, 1557], "excluded_lines": [], "start_line": 1530}, "main._real_entry": {"executed_lines": [], "summary": {"covered_lines": 0, "num_statements": 7, "percent_covered": 0.0, "percent_covered_display": "0", "missing_lines": 7, "excluded_lines": 0, "percent_statements_covered": 0.0, "percent_statements_covered_display": "0"}, "missing_lines": [1573, 1574, 1575, 1581, 1582, 1586, 1587], "excluded_lines": [], "start_line": 1559}, "main._flatten_all": {"executed_lines": [], "summary": {"covered_lines": 0, "num_statements": 32, "percent_covered": 0.0, "percent_covered_display": "0", "missing_lines": 32, "excluded_lines": 0, "percent_statements_covered": 0.0, "percent_statements_covered_display": "0"}, "missing_lines": [1593, 1594, 1595, 1596, 1597, 1598, 1599, 1600, 1601, 1602, 1606, 1608, 1609, 1610, 1611, 1612, 1613, 1614, 1618, 1620, 1621, 1623, 1630, 1632, 1633, 1634, 1639, 1646, 1654, 1655, 1656, 1657], "excluded_lines": [], "start_line": 1589}, "_supervised": {"executed_lines": [], "summary": {"covered_lines": 0, "num_statements": 13, "percent_covered": 0.0, "percent_covered_display": "0", "missing_lines": 13, "excluded_lines": 0, "percent_statements_covered": 0.0, "percent_statements_covered_display": "0"}, "missing_lines": [2552, 2553, 2554, 2555, 2556, 2557, 2558, 2559, 2560, 2561, 2562, 2563, 2564], "excluded_lines": [], "start_line": 2547}, "_selftest_flatten_fields": {"executed_lines": [], "summary": {"covered_lines": 0, "num_statements": 16, "percent_covered": 0.0, "percent_covered_display": "0", "missing_lines": 16, "excluded_lines": 0, "percent_statements_covered": 0.0, "percent_statements_covered_display": "0"}, "missing_lines": [2570, 2575, 2577, 2579, 2580, 2582, 2583, 2585, 2588, 2589, 2590, 2591, 2594, 2595, 2597, 2598], "excluded_lines": [], "start_line": 2567}, "_selftest_exit_decision": {"executed_lines": [], "summary": {"covered_lines": 0, "num_statements": 22, "percent_covered": 0.0, "percent_covered_display": "0", "missing_lines": 22, "excluded_lines": 0, "percent_statements_covered": 0.0, "percent_statements_covered_display": "0"}, "missing_lines": [2605, 2607, 2614, 2615, 2616, 2617, 2618, 2621, 2622, 2623, 2625, 2627, 2631, 2632, 2633, 2636, 2637, 2638, 2642, 2643, 2646, 2648], "excluded_lines": [], "start_line": 2601}, "_selftest_exit_decision.d": {"executed_lines": [], "summary": {"covered_lines": 0, "num_statements": 2, "percent_covered": 0.0, "percent_covered_display": "0", "missing_lines": 2, "excluded_lines": 0, "percent_statements_covered": 0.0, "percent_statements_covered_display": "0"}, "missing_lines": [2608, 2609], "excluded_lines": [], "start_line": 2607}, "_selftest_entry_admission": {"executed_lines": [], "summary": {"covered_lines": 0, "num_statements": 37, "percent_covered": 0.0, "percent_covered_display": "0", "missing_lines": 37, "excluded_lines": 0, "percent_statements_covered": 0.0, "percent_statements_covered_display": "0"}, "missing_lines": [2659, 2667, 2670, 2674, 2675, 2677, 2682, 2684, 2685, 2689, 2691, 2693, 2699, 2701, 2707, 2709, 2710, 2711, 2713, 2719, 2720, 2721, 2722, 2723, 2724, 2725, 2726, 2727, 2728, 2732, 2733, 2734, 2735, 2736, 2738, 2741, 2742], "excluded_lines": [], "start_line": 2651}, "_selftest_entry_admission.st": {"executed_lines": [], "summary": {"covered_lines": 0, "num_statements": 3, "percent_covered": 0.0, "percent_covered_display": "0", "missing_lines": 3, "excluded_lines": 0, "percent_statements_covered": 0.0, "percent_statements_covered_display": "0"}, "missing_lines": [2660, 2664, 2665], "excluded_lines": [], "start_line": 2659}, "_selftest_scan_receipts": {"executed_lines": [], "summary": {"covered_lines": 0, "num_statements": 17, "percent_covered": 0.0, "percent_covered_display": "0", "missing_lines": 17, "excluded_lines": 0, "percent_statements_covered": 0.0, "percent_statements_covered_display": "0"}, "missing_lines": [2750, 2751, 2752, 2753, 2754, 2755, 2758, 2759, 2760, 2769, 2770, 2771, 2773, 2775, 2776, 2777, 2778], "excluded_lines": [], "start_line": 2745}, "_selftest_notional": {"executed_lines": [], "summary": {"covered_lines": 0, "num_statements": 12, "percent_covered": 0.0, "percent_covered_display": "0", "missing_lines": 12, "excluded_lines": 0, "percent_statements_covered": 0.0, "percent_statements_covered_display": "0"}, "missing_lines": [2786, 2787, 2788, 2790, 2792, 2794, 2798, 2800, 2801, 2804, 2807, 2808], "excluded_lines": [], "start_line": 2781}, "_selftest_fill_read": {"executed_lines": [], "summary": {"covered_lines": 0, "num_statements": 40, "percent_covered": 0.0, "percent_covered_display": "0", "missing_lines": 40, "excluded_lines": 0, "percent_statements_covered": 0.0, "percent_statements_covered_display": "0"}, "missing_lines": [2819, 2821, 2829, 2830, 2831, 2832, 2836, 2837, 2838, 2839, 2845, 2846, 2849, 2850, 2851, 2856, 2858, 2859, 2861, 2862, 2865, 2867, 2868, 2869, 2875, 2876, 2877, 2880, 2881, 2882, 2883, 2884, 2887, 2888, 2889, 2890, 2891, 2903, 2906, 2909], "excluded_lines": [], "start_line": 2811}, "_selftest_fill_read.fake": {"executed_lines": [], "summary": {"covered_lines": 0, "num_statements": 2, "percent_covered": 0.0, "percent_covered_display": "0", "missing_lines": 2, "excluded_lines": 0, "percent_statements_covered": 0.0, "percent_statements_covered_display": "0"}, "missing_lines": [2822, 2826], "excluded_lines": [], "start_line": 2821}, "_selftest_fill_read.fake._f": {"executed_lines": [], "summary": {"covered_lines": 0, "num_statements": 3, "percent_covered": 0.0, "percent_covered_display": "0", "missing_lines": 3, "excluded_lines": 0, "percent_statements_covered": 0.0, "percent_statements_covered_display": "0"}, "missing_lines": [2823, 2824, 2825], "excluded_lines": [], "start_line": 2822}, "_selftest_fill_read.boom": {"executed_lines": [], "summary": {"covered_lines": 0, "num_statements": 1, "percent_covered": 0.0, "percent_covered_display": "0", "missing_lines": 1, "excluded_lines": 0, "percent_statements_covered": 0.0, "percent_statements_covered_display": "0"}, "missing_lines": [2866], "excluded_lines": [], "start_line": 2865}, "_selftest_flap": {"executed_lines": [], "summary": {"covered_lines": 0, "num_statements": 31, "percent_covered": 0.0, "percent_covered_display": "0", "missing_lines": 31, "excluded_lines": 0, "percent_statements_covered": 0.0, "percent_statements_covered_display": "0"}, "missing_lines": [2918, 2919, 2921, 2922, 2923, 2924, 2927, 2928, 2929, 2930, 2933, 2934, 2937, 2938, 2949, 2951, 2953, 2954, 2960, 2961, 2962, 2963, 2965, 2966, 2969, 2970, 2971, 2973, 2974, 2976, 2978], "excluded_lines": [], "start_line": 2912}, "_selftest_quarantine": {"executed_lines": [], "summary": {"covered_lines": 0, "num_statements": 17, "percent_covered": 0.0, "percent_covered_display": "0", "missing_lines": 17, "excluded_lines": 0, "percent_statements_covered": 0.0, "percent_statements_covered_display": "0"}, "missing_lines": [2987, 2989, 2990, 2993, 2994, 2997, 2998, 3001, 3002, 3003, 3006, 3007, 3009, 3013, 3014, 3015, 3016], "excluded_lines": [], "start_line": 2981}, "_selftest_quarantine._fail": {"executed_lines": [], "summary": {"covered_lines": 0, "num_statements": 2, "percent_covered": 0.0, "percent_covered_display": "0", "missing_lines": 2, "excluded_lines": 0, "percent_statements_covered": 0.0, "percent_statements_covered_display": "0"}, "missing_lines": [2999, 3000], "excluded_lines": [], "start_line": 2998}, "_selftest_vol_filter": {"executed_lines": [], "summary": {"covered_lines": 0, "num_statements": 33, "percent_covered": 0.0, "percent_covered_display": "0", "missing_lines": 33, "excluded_lines": 0, "percent_statements_covered": 0.0, "percent_statements_covered_display": "0"}, "missing_lines": [3024, 3025, 3027, 3036, 3037, 3039, 3044, 3045, 3047, 3050, 3051, 3052, 3055, 3056, 3057, 3061, 3062, 3064, 3065, 3068, 3069, 3070, 3071, 3072, 3075, 3076, 3078, 3079, 3080, 3086, 3087, 3088, 3089], "excluded_lines": [], "start_line": 3019}, "_selftest_vol_filter.mkcand": {"executed_lines": [], "summary": {"covered_lines": 0, "num_statements": 6, "percent_covered": 0.0, "percent_covered_display": "0", "missing_lines": 6, "excluded_lines": 0, "percent_statements_covered": 0.0, "percent_statements_covered_display": "0"}, "missing_lines": [3029, 3030, 3031, 3032, 3033, 3034], "excluded_lines": [], "start_line": 3027}, "_selftest_vol_filter._Venue.__init__": {"executed_lines": [], "summary": {"covered_lines": 0, "num_statements": 1, "percent_covered": 0.0, "percent_covered_display": "0", "missing_lines": 1, "excluded_lines": 0, "percent_statements_covered": 0.0, "percent_statements_covered_display": "0"}, "missing_lines": [3038], "excluded_lines": [], "start_line": 3037}, "_selftest_vol_filter._Venue.candles": {"executed_lines": [], "summary": {"covered_lines": 0, "num_statements": 3, "percent_covered": 0.0, "percent_covered_display": "0", "missing_lines": 3, "excluded_lines": 0, "percent_statements_covered": 0.0, "percent_statements_covered_display": "0"}, "missing_lines": [3040, 3041, 3042], "excluded_lines": [], "start_line": 3039}, "_selftest_vol_filter._Ctx.__init__": {"executed_lines": [], "summary": {"covered_lines": 0, "num_statements": 1, "percent_covered": 0.0, "percent_covered_display": "0", "missing_lines": 1, "excluded_lines": 0, "percent_statements_covered": 0.0, "percent_statements_covered_display": "0"}, "missing_lines": [3046], "excluded_lines": [], "start_line": 3045}, "_selftest_vol_filter._Ctx.supports": {"executed_lines": [], "summary": {"covered_lines": 0, "num_statements": 1, "percent_covered": 0.0, "percent_covered_display": "0", "missing_lines": 1, "excluded_lines": 0, "percent_statements_covered": 0.0, "percent_statements_covered_display": "0"}, "missing_lines": [3048], "excluded_lines": [], "start_line": 3047}, "_selftest_conviction": {"executed_lines": [], "summary": {"covered_lines": 0, "num_statements": 18, "percent_covered": 0.0, "percent_covered_display": "0", "missing_lines": 18, "excluded_lines": 0, "percent_statements_covered": 0.0, "percent_statements_covered_display": "0"}, "missing_lines": [3096, 3097, 3098, 3099, 3100, 3101, 3102, 3104, 3105, 3106, 3107, 3108, 3109, 3110, 3111, 3112, 3114, 3115], "excluded_lines": [], "start_line": 3092}, "_selftest_explore": {"executed_lines": [], "summary": {"covered_lines": 0, "num_statements": 45, "percent_covered": 0.0, "percent_covered_display": "0", "missing_lines": 45, "excluded_lines": 0, "percent_statements_covered": 0.0, "percent_statements_covered_display": "0"}, "missing_lines": [3123, 3124, 3125, 3126, 3127, 3128, 3131, 3132, 3134, 3135, 3136, 3138, 3139, 3140, 3141, 3143, 3144, 3145, 3146, 3147, 3148, 3151, 3152, 3153, 3159, 3160, 3161, 3162, 3163, 3164, 3165, 3172, 3173, 3174, 3176, 3177, 3178, 3179, 3183, 3186, 3188, 3189, 3192, 3193, 3194], "excluded_lines": [], "start_line": 3118}, "_selftest_heal": {"executed_lines": [], "summary": {"covered_lines": 0, "num_statements": 28, "percent_covered": 0.0, "percent_covered_display": "0", "missing_lines": 28, "excluded_lines": 0, "percent_statements_covered": 0.0, "percent_statements_covered_display": "0"}, "missing_lines": [3202, 3205, 3206, 3214, 3215, 3216, 3217, 3219, 3220, 3221, 3223, 3224, 3227, 3228, 3229, 3231, 3233, 3236, 3238, 3241, 3243, 3245, 3246, 3247, 3249, 3250, 3252, 3253], "excluded_lines": [], "start_line": 3197}, "_selftest_lever_consume": {"executed_lines": [], "summary": {"covered_lines": 0, "num_statements": 42, "percent_covered": 0.0, "percent_covered_display": "0", "missing_lines": 42, "excluded_lines": 0, "percent_statements_covered": 0.0, "percent_statements_covered_display": "0"}, "missing_lines": [3261, 3262, 3264, 3265, 3267, 3270, 3272, 3273, 3274, 3275, 3276, 3277, 3278, 3280, 3281, 3282, 3283, 3284, 3285, 3286, 3287, 3288, 3289, 3293, 3294, 3295, 3296, 3298, 3299, 3300, 3301, 3303, 3304, 3305, 3306, 3307, 3308, 3309, 3311, 3312, 3313, 3314], "excluded_lines": [], "start_line": 3256}, "_selftest_lever_consume._FakeT.__init__": {"executed_lines": [], "summary": {"covered_lines": 0, "num_statements": 1, "percent_covered": 0.0, "percent_covered_display": "0", "missing_lines": 1, "excluded_lines": 0, "percent_statements_covered": 0.0, "percent_statements_covered_display": "0"}, "missing_lines": [3266], "excluded_lines": [], "start_line": 3265}, "_selftest_lever_consume._FakeT.get_lever": {"executed_lines": [], "summary": {"covered_lines": 0, "num_statements": 1, "percent_covered": 0.0, "percent_covered_display": "0", "missing_lines": 1, "excluded_lines": 0, "percent_statements_covered": 0.0, "percent_statements_covered_display": "0"}, "missing_lines": [3268], "excluded_lines": [], "start_line": 3267}, "": {"executed_lines": [38, 39, 40, 41, 42, 43, 44, 45, 47, 48, 49, 50, 51, 53, 62, 65, 74, 75, 76, 77, 93, 94, 96, 97, 98, 101, 104, 161, 162, 163, 164, 165, 166, 185, 186, 187, 188, 189, 237, 238, 239, 240, 244, 245, 246, 259, 260, 261, 262, 270, 271, 272, 273, 295, 310, 318, 319, 327, 328, 332, 342, 345, 430, 434, 450, 494, 523, 537, 588, 616, 619, 686, 688, 696, 704, 707, 711, 713, 714, 717, 720, 724, 739, 749, 759, 777, 780, 834, 837, 878, 905, 966, 984, 1101, 1122, 1123, 1124, 1127, 1172, 1183, 1195, 1252, 1267, 1290, 2544, 2547, 2567, 2601, 2651, 2745, 2781, 2811, 2912, 2981, 3019, 3092, 3118, 3197, 3256, 3317], "summary": {"covered_lines": 120, "num_statements": 141, "percent_covered": 85.1063829787234, "percent_covered_display": "85", "missing_lines": 21, "excluded_lines": 0, "percent_statements_covered": 85.1063829787234, "percent_statements_covered_display": "85"}, "missing_lines": [329, 330, 3318, 3319, 3320, 3321, 3322, 3323, 3324, 3325, 3326, 3327, 3328, 3329, 3330, 3331, 3332, 3333, 3334, 3335, 3336], "excluded_lines": [], "start_line": 1}}, "classes": {"_selftest_vol_filter._Venue": {"executed_lines": [], "summary": {"covered_lines": 0, "num_statements": 4, "percent_covered": 0.0, "percent_covered_display": "0", "missing_lines": 4, "excluded_lines": 0, "percent_statements_covered": 0.0, "percent_statements_covered_display": "0"}, "missing_lines": [3038, 3040, 3041, 3042], "excluded_lines": [], "start_line": 3036}, "_selftest_vol_filter._Ctx": {"executed_lines": [], "summary": {"covered_lines": 0, "num_statements": 2, "percent_covered": 0.0, "percent_covered_display": "0", "missing_lines": 2, "excluded_lines": 0, "percent_statements_covered": 0.0, "percent_statements_covered_display": "0"}, "missing_lines": [3046, 3048], "excluded_lines": [], "start_line": 3044}, "_selftest_lever_consume._FakeT": {"executed_lines": [], "summary": {"covered_lines": 0, "num_statements": 2, "percent_covered": 0.0, "percent_covered_display": "0", "missing_lines": 2, "excluded_lines": 0, "percent_statements_covered": 0.0, "percent_statements_covered_display": "0"}, "missing_lines": [3266, 3268], "excluded_lines": [], "start_line": 3264}, "": {"executed_lines": [38, 39, 40, 41, 42, 43, 44, 45, 47, 48, 49, 50, 51, 53, 62, 65, 74, 75, 76, 77, 93, 94, 96, 97, 98, 101, 104, 161, 162, 163, 164, 165, 166, 185, 186, 187, 188, 189, 237, 238, 239, 240, 244, 245, 246, 259, 260, 261, 262, 270, 271, 272, 273, 295, 310, 318, 319, 327, 328, 332, 342, 345, 430, 434, 450, 494, 523, 537, 588, 616, 619, 686, 688, 696, 704, 707, 711, 713, 714, 717, 720, 724, 739, 749, 759, 777, 780, 834, 837, 878, 905, 910, 911, 912, 913, 914, 915, 916, 920, 921, 936, 937, 938, 939, 941, 942, 943, 944, 945, 946, 947, 948, 949, 950, 951, 952, 953, 954, 955, 958, 959, 960, 961, 966, 984, 1101, 1122, 1123, 1124, 1127, 1172, 1183, 1195, 1252, 1267, 1290, 2544, 2547, 2567, 2601, 2651, 2745, 2781, 2811, 2912, 2981, 3019, 3092, 3118, 3197, 3256, 3317], "summary": {"covered_lines": 152, "num_statements": 1423, "percent_covered": 10.681658468025299, "percent_covered_display": "11", "missing_lines": 1271, "excluded_lines": 0, "percent_statements_covered": 10.681658468025299, "percent_statements_covered_display": "11"}, "missing_lines": [110, 111, 112, 113, 114, 115, 116, 329, 330, 352, 353, 354, 355, 357, 358, 359, 360, 361, 362, 363, 364, 365, 371, 372, 373, 374, 375, 376, 377, 378, 379, 380, 381, 382, 384, 385, 386, 387, 390, 391, 392, 393, 397, 398, 399, 400, 401, 402, 403, 414, 438, 439, 440, 441, 442, 443, 444, 445, 446, 447, 474, 475, 476, 477, 478, 479, 481, 482, 483, 484, 485, 486, 487, 488, 489, 490, 491, 516, 517, 518, 519, 520, 532, 534, 571, 573, 574, 575, 576, 577, 578, 579, 580, 581, 582, 583, 584, 585, 604, 655, 656, 670, 671, 673, 674, 721, 727, 728, 729, 730, 731, 732, 733, 734, 735, 736, 743, 744, 756, 761, 762, 763, 764, 765, 766, 767, 768, 769, 770, 796, 797, 798, 799, 800, 801, 802, 803, 804, 805, 806, 807, 808, 809, 810, 811, 812, 813, 814, 815, 816, 817, 818, 819, 820, 821, 823, 824, 825, 826, 828, 829, 830, 844, 845, 846, 847, 848, 849, 850, 851, 852, 854, 855, 856, 857, 858, 859, 860, 861, 862, 863, 864, 865, 866, 868, 869, 870, 871, 872, 873, 874, 875, 886, 887, 890, 891, 892, 893, 894, 895, 896, 897, 898, 899, 900, 901, 902, 973, 974, 975, 976, 977, 978, 979, 980, 981, 1006, 1008, 1012, 1013, 1014, 1015, 1016, 1017, 1018, 1019, 1020, 1021, 1023, 1024, 1025, 1027, 1028, 1029, 1030, 1031, 1032, 1033, 1035, 1036, 1037, 1038, 1039, 1041, 1042, 1043, 1044, 1046, 1049, 1050, 1052, 1053, 1056, 1057, 1058, 1061, 1062, 1063, 1069, 1077, 1078, 1079, 1086, 1087, 1088, 1089, 1092, 1135, 1136, 1137, 1138, 1139, 1168, 1169, 1175, 1176, 1177, 1178, 1179, 1180, 1188, 1189, 1190, 1191, 1192, 1219, 1220, 1221, 1222, 1223, 1225, 1226, 1227, 1228, 1229, 1230, 1231, 1232, 1233, 1234, 1235, 1236, 1238, 1240, 1241, 1242, 1243, 1244, 1246, 1247, 1248, 1249, 1254, 1255, 1256, 1257, 1260, 1264, 1279, 1280, 1281, 1282, 1283, 1284, 1285, 1286, 1287, 1291, 1292, 1293, 1317, 1318, 1324, 1326, 1327, 1328, 1329, 1330, 1331, 1332, 1333, 1334, 1339, 1340, 1341, 1342, 1343, 1344, 1345, 1349, 1350, 1351, 1352, 1353, 1354, 1355, 1356, 1368, 1371, 1372, 1374, 1375, 1377, 1378, 1382, 1384, 1385, 1386, 1387, 1388, 1389, 1391, 1392, 1393, 1394, 1395, 1414, 1415, 1416, 1417, 1418, 1419, 1420, 1421, 1422, 1423, 1424, 1428, 1429, 1443, 1444, 1445, 1446, 1447, 1448, 1449, 1457, 1460, 1463, 1464, 1466, 1470, 1471, 1477, 1480, 1481, 1482, 1486, 1488, 1489, 1491, 1496, 1497, 1498, 1500, 1512, 1513, 1514, 1515, 1516, 1517, 1518, 1519, 1523, 1525, 1526, 1527, 1528, 1530, 1545, 1546, 1547, 1551, 1552, 1556, 1557, 1559, 1573, 1574, 1575, 1581, 1582, 1586, 1587, 1589, 1593, 1594, 1595, 1596, 1597, 1598, 1599, 1600, 1601, 1602, 1606, 1608, 1609, 1610, 1611, 1612, 1613, 1614, 1618, 1620, 1621, 1623, 1630, 1632, 1633, 1634, 1639, 1646, 1654, 1655, 1656, 1657, 1659, 1660, 1661, 1662, 1663, 1669, 1670, 1671, 1674, 1675, 1676, 1677, 1678, 1679, 1680, 1681, 1691, 1692, 1693, 1694, 1695, 1697, 1711, 1712, 1713, 1715, 1716, 1719, 1723, 1724, 1725, 1727, 1728, 1731, 1732, 1733, 1735, 1736, 1737, 1746, 1747, 1748, 1755, 1756, 1757, 1758, 1762, 1763, 1764, 1765, 1767, 1768, 1769, 1770, 1771, 1774, 1779, 1780, 1781, 1790, 1792, 1793, 1797, 1798, 1806, 1808, 1809, 1811, 1812, 1813, 1814, 1816, 1817, 1824, 1825, 1829, 1830, 1831, 1833, 1834, 1836, 1837, 1838, 1847, 1848, 1849, 1850, 1851, 1852, 1854, 1855, 1856, 1857, 1858, 1859, 1860, 1861, 1863, 1864, 1865, 1866, 1867, 1870, 1871, 1872, 1873, 1874, 1876, 1877, 1881, 1882, 1883, 1884, 1885, 1886, 1887, 1895, 1896, 1898, 1901, 1905, 1906, 1907, 1908, 1913, 1914, 1915, 1916, 1926, 1927, 1928, 1929, 1931, 1932, 1933, 1936, 1937, 1941, 1942, 1947, 1948, 1949, 1950, 1953, 1954, 1955, 1956, 1957, 1958, 1959, 1960, 1961, 1962, 1963, 1964, 1965, 1966, 1968, 1969, 1972, 1973, 1974, 1975, 1976, 1977, 1978, 1982, 1986, 1991, 1993, 2000, 2005, 2006, 2007, 2008, 2009, 2010, 2011, 2012, 2013, 2014, 2015, 2017, 2027, 2029, 2030, 2032, 2035, 2038, 2039, 2040, 2042, 2054, 2055, 2056, 2057, 2058, 2060, 2061, 2062, 2063, 2064, 2065, 2074, 2076, 2078, 2083, 2085, 2086, 2087, 2088, 2091, 2096, 2099, 2108, 2109, 2110, 2111, 2112, 2123, 2125, 2126, 2128, 2129, 2130, 2137, 2138, 2139, 2140, 2142, 2145, 2151, 2152, 2154, 2155, 2156, 2157, 2158, 2159, 2160, 2163, 2171, 2172, 2173, 2174, 2177, 2178, 2181, 2182, 2183, 2184, 2190, 2193, 2195, 2200, 2204, 2207, 2208, 2209, 2210, 2211, 2212, 2213, 2214, 2215, 2216, 2217, 2218, 2219, 2220, 2221, 2222, 2223, 2224, 2225, 2226, 2227, 2229, 2234, 2235, 2238, 2239, 2240, 2243, 2247, 2253, 2256, 2257, 2258, 2264, 2271, 2289, 2290, 2291, 2293, 2294, 2295, 2296, 2297, 2298, 2301, 2302, 2303, 2304, 2305, 2306, 2308, 2309, 2311, 2312, 2313, 2314, 2315, 2317, 2318, 2319, 2320, 2321, 2322, 2326, 2329, 2330, 2331, 2332, 2333, 2334, 2335, 2340, 2341, 2342, 2343, 2351, 2352, 2356, 2365, 2367, 2368, 2369, 2370, 2371, 2372, 2375, 2376, 2383, 2384, 2395, 2400, 2401, 2402, 2411, 2412, 2418, 2419, 2423, 2424, 2425, 2426, 2429, 2430, 2431, 2432, 2433, 2435, 2436, 2443, 2444, 2445, 2446, 2448, 2449, 2480, 2481, 2483, 2484, 2485, 2506, 2510, 2531, 2532, 2534, 2536, 2538, 2539, 2540, 2541, 2552, 2553, 2554, 2555, 2556, 2557, 2558, 2559, 2560, 2561, 2562, 2563, 2564, 2570, 2575, 2577, 2579, 2580, 2582, 2583, 2585, 2588, 2589, 2590, 2591, 2594, 2595, 2597, 2598, 2605, 2607, 2608, 2609, 2614, 2615, 2616, 2617, 2618, 2621, 2622, 2623, 2625, 2627, 2631, 2632, 2633, 2636, 2637, 2638, 2642, 2643, 2646, 2648, 2659, 2660, 2664, 2665, 2667, 2670, 2674, 2675, 2677, 2682, 2684, 2685, 2689, 2691, 2693, 2699, 2701, 2707, 2709, 2710, 2711, 2713, 2719, 2720, 2721, 2722, 2723, 2724, 2725, 2726, 2727, 2728, 2732, 2733, 2734, 2735, 2736, 2738, 2741, 2742, 2750, 2751, 2752, 2753, 2754, 2755, 2758, 2759, 2760, 2769, 2770, 2771, 2773, 2775, 2776, 2777, 2778, 2786, 2787, 2788, 2790, 2792, 2794, 2798, 2800, 2801, 2804, 2807, 2808, 2819, 2821, 2822, 2823, 2824, 2825, 2826, 2829, 2830, 2831, 2832, 2836, 2837, 2838, 2839, 2845, 2846, 2849, 2850, 2851, 2856, 2858, 2859, 2861, 2862, 2865, 2866, 2867, 2868, 2869, 2875, 2876, 2877, 2880, 2881, 2882, 2883, 2884, 2887, 2888, 2889, 2890, 2891, 2903, 2906, 2909, 2918, 2919, 2921, 2922, 2923, 2924, 2927, 2928, 2929, 2930, 2933, 2934, 2937, 2938, 2949, 2951, 2953, 2954, 2960, 2961, 2962, 2963, 2965, 2966, 2969, 2970, 2971, 2973, 2974, 2976, 2978, 2987, 2989, 2990, 2993, 2994, 2997, 2998, 2999, 3000, 3001, 3002, 3003, 3006, 3007, 3009, 3013, 3014, 3015, 3016, 3024, 3025, 3027, 3029, 3030, 3031, 3032, 3033, 3034, 3036, 3037, 3039, 3044, 3045, 3047, 3050, 3051, 3052, 3055, 3056, 3057, 3061, 3062, 3064, 3065, 3068, 3069, 3070, 3071, 3072, 3075, 3076, 3078, 3079, 3080, 3086, 3087, 3088, 3089, 3096, 3097, 3098, 3099, 3100, 3101, 3102, 3104, 3105, 3106, 3107, 3108, 3109, 3110, 3111, 3112, 3114, 3115, 3123, 3124, 3125, 3126, 3127, 3128, 3131, 3132, 3134, 3135, 3136, 3138, 3139, 3140, 3141, 3143, 3144, 3145, 3146, 3147, 3148, 3151, 3152, 3153, 3159, 3160, 3161, 3162, 3163, 3164, 3165, 3172, 3173, 3174, 3176, 3177, 3178, 3179, 3183, 3186, 3188, 3189, 3192, 3193, 3194, 3202, 3205, 3206, 3214, 3215, 3216, 3217, 3219, 3220, 3221, 3223, 3224, 3227, 3228, 3229, 3231, 3233, 3236, 3238, 3241, 3243, 3245, 3246, 3247, 3249, 3250, 3252, 3253, 3261, 3262, 3264, 3265, 3267, 3270, 3272, 3273, 3274, 3275, 3276, 3277, 3278, 3280, 3281, 3282, 3283, 3284, 3285, 3286, 3287, 3288, 3289, 3293, 3294, 3295, 3296, 3298, 3299, 3300, 3301, 3303, 3304, 3305, 3306, 3307, 3308, 3309, 3311, 3312, 3313, 3314, 3318, 3319, 3320, 3321, 3322, 3323, 3324, 3325, 3326, 3327, 3328, 3329, 3330, 3331, 3332, 3333, 3334, 3335, 3336], "excluded_lines": [], "start_line": 1}}}}, "totals": {"covered_lines": 152, "num_statements": 1431, "percent_covered": 10.621942697414395, "percent_covered_display": "11", "missing_lines": 1279, "excluded_lines": 0, "percent_statements_covered": 10.621942697414395, "percent_statements_covered_display": "11"}}